(---------------------------------------------------------------------)
(                                                                     )
(    DBDOCTOR                                                         )
(                                                                     )
(    Drawing          : EDISONCTRL.brd                                )
(    Software Version : 16.6P003                                      )
(    Date/Time        : Sun Apr 05 17:03:46 2015                      )
(                                                                     )
(---------------------------------------------------------------------)



WARNING   WARNING(SPMHDB-42): Run batch DRC to correctly regenerate DRC errs.

1 warnings, 0 errors detected, 0 errors  fixed.
(---------------------------------------------------------------------)
(                                                                     )
(    DBDOCTOR                                                         )
(                                                                     )
(    Drawing          : EDISONCTRL.brd                                )
(    Software Version : 16.6P003                                      )
(    Date/Time        : Sun Apr 05 17:03:49 2015                      )
(                                                                     )
(---------------------------------------------------------------------)



WARNING   WARNING(SPMHDB-42): Run batch DRC to correctly regenerate DRC errs.

1 warnings, 0 errors detected, 0 errors  fixed.
